<?xml version="1.0" encoding="utf-8"?>
<coverage line-rate="0.8181" branch-rate="0.9545" version="1.9" timestamp="1688320627" lines-covered="27" lines-valid="33" branches-covered="21" branches-valid="22">
  <sources>
    <source>/</source>
  </sources>
  <packages>
    <package name="SquareEquationLib" line-rate="0.8181" branch-rate="0.9545" complexity="22">
      <classes>
        <class name="SquareEquationLib.SquareEquation" filename="home/ubuntu/Task_6/OmSTU-AMCS-SummerPractice2023/SquareEquationLib/SquareEquation.cs" line-rate="0.8181" branch-rate="0.9545" complexity="22">
          <methods>
            <method name="Solve" signature="(System.Double,System.Double,System.Double)" line-rate="0.8181" branch-rate="0.9545" complexity="22">
              <lines>
                <line number="5" hits="26" branch="False" />
                <line number="6" hits="26" branch="False" />
                <line number="8" hits="26" branch="True" condition-coverage="100% (16/16)">
                  <conditions>
                    <condition number="14" type="jump" coverage="100%" />
                    <condition number="18" type="jump" coverage="100%" />
                    <condition number="26" type="jump" coverage="100%" />
                    <condition number="34" type="jump" coverage="100%" />
                    <condition number="42" type="jump" coverage="100%" />
                    <condition number="50" type="jump" coverage="100%" />
                    <condition number="58" type="jump" coverage="100%" />
                    <condition number="73" type="jump" coverage="100%" />
                  </conditions>
                </line>
                <line number="9" hits="20" branch="False" />
                <line number="10" hits="20" branch="False" />
                <line number="12" hits="6" branch="False" />
                <line number="13" hits="6" branch="False" />
                <line number="15" hits="6" branch="False" />
                <line number="16" hits="6" branch="False" />
                <line number="17" hits="6" branch="False" />
                <line number="18" hits="6" branch="False" />
                <line number="20" hits="6" branch="True" condition-coverage="100% (2/2)">
                  <conditions>
                    <condition number="147" type="jump" coverage="100%" />
                  </conditions>
                </line>
                <line number="21" hits="2" branch="False" />
                <line number="22" hits="2" branch="False" />
                <line number="24" hits="4" branch="True" condition-coverage="100% (2/2)">
                  <conditions>
                    <condition number="172" type="jump" coverage="100%" />
                  </conditions>
                </line>
                <line number="25" hits="2" branch="False" />
                <line number="26" hits="2" branch="False" />
                <line number="27" hits="2" branch="False" />
                <line number="28" hits="2" branch="False" />
                <line number="30" hits="2" branch="True" condition-coverage="50% (1/2)">
                  <conditions>
                    <condition number="207" type="jump" coverage="50%" />
                  </conditions>
                </line>
                <line number="31" hits="2" branch="False" />
                <line number="32" hits="2" branch="False" />
                <line number="33" hits="2" branch="False" />
                <line number="34" hits="2" branch="False" />
                <line number="35" hits="2" branch="False" />
                <line number="36" hits="2" branch="False" />
                <line number="39" hits="0" branch="False" />
                <line number="40" hits="0" branch="False" />
                <line number="41" hits="0" branch="False" />
                <line number="42" hits="0" branch="False" />
                <line number="43" hits="0" branch="False" />
                <line number="44" hits="0" branch="False" />
                <line number="47" hits="6" branch="False" />
              </lines>
            </method>
          </methods>
          <lines>
            <line number="5" hits="26" branch="False" />
            <line number="6" hits="26" branch="False" />
            <line number="8" hits="26" branch="True" condition-coverage="100% (16/16)">
              <conditions>
                <condition number="14" type="jump" coverage="100%" />
                <condition number="18" type="jump" coverage="100%" />
                <condition number="26" type="jump" coverage="100%" />
                <condition number="34" type="jump" coverage="100%" />
                <condition number="42" type="jump" coverage="100%" />
                <condition number="50" type="jump" coverage="100%" />
                <condition number="58" type="jump" coverage="100%" />
                <condition number="73" type="jump" coverage="100%" />
              </conditions>
            </line>
            <line number="9" hits="20" branch="False" />
            <line number="10" hits="20" branch="False" />
            <line number="12" hits="6" branch="False" />
            <line number="13" hits="6" branch="False" />
            <line number="15" hits="6" branch="False" />
            <line number="16" hits="6" branch="False" />
            <line number="17" hits="6" branch="False" />
            <line number="18" hits="6" branch="False" />
            <line number="20" hits="6" branch="True" condition-coverage="100% (2/2)">
              <conditions>
                <condition number="147" type="jump" coverage="100%" />
              </conditions>
            </line>
            <line number="21" hits="2" branch="False" />
            <line number="22" hits="2" branch="False" />
            <line number="24" hits="4" branch="True" condition-coverage="100% (2/2)">
              <conditions>
                <condition number="172" type="jump" coverage="100%" />
              </conditions>
            </line>
            <line number="25" hits="2" branch="False" />
            <line number="26" hits="2" branch="False" />
            <line number="27" hits="2" branch="False" />
            <line number="28" hits="2" branch="False" />
            <line number="30" hits="2" branch="True" condition-coverage="50% (1/2)">
              <conditions>
                <condition number="207" type="jump" coverage="50%" />
              </conditions>
            </line>
            <line number="31" hits="2" branch="False" />
            <line number="32" hits="2" branch="False" />
            <line number="33" hits="2" branch="False" />
            <line number="34" hits="2" branch="False" />
            <line number="35" hits="2" branch="False" />
            <line number="36" hits="2" branch="False" />
            <line number="39" hits="0" branch="False" />
            <line number="40" hits="0" branch="False" />
            <line number="41" hits="0" branch="False" />
            <line number="42" hits="0" branch="False" />
            <line number="43" hits="0" branch="False" />
            <line number="44" hits="0" branch="False" />
            <line number="47" hits="6" branch="False" />
          </lines>
        </class>
      </classes>
    </package>
  </packages>
</coverage>